    WARNING: The character ̨ (U+0328) exists in the entry for VK_0, ShiftState 'Shift+Ctl+Alt' of the layout table and is not in the default system code page (1252) of the Portuguese (Brazil) language you specified. This may cause compatibility problems in non-Unicode applications.
    WARNING: The character ⅓ (U+2153) exists in the entry for VK_3, ShiftState 'Shift+Ctl+Alt' of the layout table and is not in the default system code page (1252) of the Portuguese (Brazil) language you specified. This may cause compatibility problems in non-Unicode applications.
    WARNING: The character ̛ (U+031b) exists in the entry for VK_7, ShiftState 'Shift+Ctl+Alt' of the layout table and is not in the default system code page (1252) of the Portuguese (Brazil) language you specified. This may cause compatibility problems in non-Unicode applications.
    WARNING: The character ̇ (U+0307) exists in the entry for VK_8, ShiftState 'Ctl+Alt' of the layout table and is not in the default system code page (1252) of the Portuguese (Brazil) language you specified. This may cause compatibility problems in non-Unicode applications.
    WARNING: The character ̣ (U+0323) exists in the entry for VK_8, ShiftState 'Shift+Ctl+Alt' of the layout table and is not in the default system code page (1252) of the Portuguese (Brazil) language you specified. This may cause compatibility problems in non-Unicode applications.
    WARNING: The character ≠ (U+2260) exists in the entry for VK_9, ShiftState 'Ctl+Alt' of the layout table and is not in the default system code page (1252) of the Portuguese (Brazil) language you specified. This may cause compatibility problems in non-Unicode applications.
    WARNING: The character ̉ (U+0309) exists in the entry for VK_9, ShiftState 'Shift+Ctl+Alt' of the layout table and is not in the default system code page (1252) of the Portuguese (Brazil) language you specified. This may cause compatibility problems in non-Unicode applications.
    WARNING: The character ʒ (U+0292) exists in the entry for VK_C, ShiftState 'Ctl+Alt' of the layout table and is not in the default system code page (1252) of the Portuguese (Brazil) language you specified. This may cause compatibility problems in non-Unicode applications.
    WARNING: The character Ʒ (U+01b7) exists in the entry for VK_C, ShiftState 'Shift+Ctl+Alt' of the layout table and is not in the default system code page (1252) of the Portuguese (Brazil) language you specified. This may cause compatibility problems in non-Unicode applications.
    WARNING: The character ∑ (U+2211) exists in the entry for VK_E, ShiftState 'Shift+Ctl+Alt' of the layout table and is not in the default system code page (1252) of the Portuguese (Brazil) language you specified. This may cause compatibility problems in non-Unicode applications.
    WARNING: The character ı (U+0131) exists in the entry for VK_I, ShiftState 'Ctl+Alt' of the layout table and is not in the default system code page (1252) of the Portuguese (Brazil) language you specified. This may cause compatibility problems in non-Unicode applications.
    WARNING: The character İ (U+0130) exists in the entry for VK_I, ShiftState 'Shift+Ctl+Alt' of the layout table and is not in the default system code page (1252) of the Portuguese (Brazil) language you specified. This may cause compatibility problems in non-Unicode applications.
    WARNING: The character ł (U+0142) exists in the entry for VK_L, ShiftState 'Ctl+Alt' of the layout table and is not in the default system code page (1252) of the Portuguese (Brazil) language you specified. This may cause compatibility problems in non-Unicode applications.
    WARNING: The character Ł (U+0141) exists in the entry for VK_L, ShiftState 'Shift+Ctl+Alt' of the layout table and is not in the default system code page (1252) of the Portuguese (Brazil) language you specified. This may cause compatibility problems in non-Unicode applications.
    WARNING: The character π (U+03c0) exists in the entry for VK_M, ShiftState 'Shift+Ctl+Alt' of the layout table and is not in the default system code page (1252) of the Portuguese (Brazil) language you specified. This may cause compatibility problems in non-Unicode applications.
    WARNING: The character ŋ (U+014b) exists in the entry for VK_N, ShiftState 'Ctl+Alt' of the layout table and is not in the default system code page (1252) of the Portuguese (Brazil) language you specified. This may cause compatibility problems in non-Unicode applications.
    WARNING: The character Ŋ (U+014a) exists in the entry for VK_N, ShiftState 'Shift+Ctl+Alt' of the layout table and is not in the default system code page (1252) of the Portuguese (Brazil) language you specified. This may cause compatibility problems in non-Unicode applications.
    WARNING: The character ə (U+0259) exists in the entry for VK_Q, ShiftState 'Ctl+Alt' of the layout table and is not in the default system code page (1252) of the Portuguese (Brazil) language you specified. This may cause compatibility problems in non-Unicode applications.
    WARNING: The character Ə (U+018f) exists in the entry for VK_Q, ShiftState 'Shift+Ctl+Alt' of the layout table and is not in the default system code page (1252) of the Portuguese (Brazil) language you specified. This may cause compatibility problems in non-Unicode applications.
    WARNING: The character ̧ (U+0327) exists in the entry for VK_X, ShiftState 'Ctl+Alt' of the layout table and is not in the default system code page (1252) of the Portuguese (Brazil) language you specified. This may cause compatibility problems in non-Unicode applications.
    WARNING: The character ̩ (U+0329) exists in the entry for VK_X, ShiftState 'Shift+Ctl+Alt' of the layout table and is not in the default system code page (1252) of the Portuguese (Brazil) language you specified. This may cause compatibility problems in non-Unicode applications.
    WARNING: The character ‟ (U+201f) exists in the entry for VK_Y, ShiftState 'Ctl+Alt' of the layout table and is not in the default system code page (1252) of the Portuguese (Brazil) language you specified. This may cause compatibility problems in non-Unicode applications.
    WARNING: The character ‛ (U+201b) exists in the entry for VK_Y, ShiftState 'Shift+Ctl+Alt' of the layout table and is not in the default system code page (1252) of the Portuguese (Brazil) language you specified. This may cause compatibility problems in non-Unicode applications.
    WARNING: The character ̊ (U+030a) exists in the entry for VK_OEM_PLUS, ShiftState 'Shift+Ctl+Alt' of the layout table and is not in the default system code page (1252) of the Portuguese (Brazil) language you specified. This may cause compatibility problems in non-Unicode applications.
    WARNING: The character ≤ (U+2264) exists in the entry for VK_OEM_COMMA, ShiftState 'Ctl+Alt' of the layout table and is not in the default system code page (1252) of the Portuguese (Brazil) language you specified. This may cause compatibility problems in non-Unicode applications.
    WARNING: The character ̓ (U+0313) exists in the entry for VK_OEM_COMMA, ShiftState 'Shift+Ctl+Alt' of the layout table and is not in the default system code page (1252) of the Portuguese (Brazil) language you specified. This may cause compatibility problems in non-Unicode applications.
    WARNING: The character ̶ (U+0336) exists in the entry for VK_OEM_MINUS, ShiftState 'Shift+Ctl+Alt' of the layout table and is not in the default system code page (1252) of the Portuguese (Brazil) language you specified. This may cause compatibility problems in non-Unicode applications.
    WARNING: The character ≥ (U+2265) exists in the entry for VK_OEM_PERIOD, ShiftState 'Ctl+Alt' of the layout table and is not in the default system code page (1252) of the Portuguese (Brazil) language you specified. This may cause compatibility problems in non-Unicode applications.
    WARNING: The character ̱ (U+0331) exists in the entry for VK_OEM_2, ShiftState 'Ctl+Alt' of the layout table and is not in the default system code page (1252) of the Portuguese (Brazil) language you specified. This may cause compatibility problems in non-Unicode applications.
    WARNING: The character ̭ (U+032d) exists in the entry for VK_OEM_2, ShiftState 'Shift+Ctl+Alt' of the layout table and is not in the default system code page (1252) of the Portuguese (Brazil) language you specified. This may cause compatibility problems in non-Unicode applications.
    WARNING: The character ̆ (U+0306) exists in the entry for VK_OEM_4, ShiftState 'Ctl+Alt' of the layout table and is not in the default system code page (1252) of the Portuguese (Brazil) language you specified. This may cause compatibility problems in non-Unicode applications.
    WARNING: The character ̋ (U+030b) exists in the entry for VK_OEM_4, ShiftState 'Shift+Ctl+Alt' of the layout table and is not in the default system code page (1252) of the Portuguese (Brazil) language you specified. This may cause compatibility problems in non-Unicode applications.
    WARNING: The character ≅ (U+2245) exists in the entry for VK_OEM_5, ShiftState 'Shift' of the layout table and is not in the default system code page (1252) of the Portuguese (Brazil) language you specified. This may cause compatibility problems in non-Unicode applications.
    WARNING: The character ̦ (U+0326) exists in the entry for VK_OEM_6, ShiftState 'Shift+Ctl+Alt' of the layout table and is not in the default system code page (1252) of the Portuguese (Brazil) language you specified. This may cause compatibility problems in non-Unicode applications.
    WARNING: The character ̌ (U+030c) exists in the entry for VK_OEM_7, ShiftState 'Ctl+Alt' of the layout table and is not in the default system code page (1252) of the Portuguese (Brazil) language you specified. This may cause compatibility problems in non-Unicode applications.
    WARNING: The character ̄ (U+0304) exists in the entry for VK_OEM_7, ShiftState 'Shift+Ctl+Alt' of the layout table and is not in the default system code page (1252) of the Portuguese (Brazil) language you specified. This may cause compatibility problems in non-Unicode applications.
    WARNING: ';' defined on OEM_2 (Base) but not defined elsewhere. This key may not be present on all keyboards.
    WARNING: ':' defined on OEM_2 (Shift) but not defined elsewhere. This key may not be present on all keyboards.
    WARNING: '̱' defined on OEM_2 (Ctl+Alt) but not defined elsewhere. This key may not be present on all keyboards.
    WARNING: '̭' defined on OEM_2 (Shift+Ctl+Alt) but not defined elsewhere. This key may not be present on all keyboards.
    WARNING: The dead key ̨ (U+0328) when combined with i (U+0069) returns į (U+012f), but į (U+012f) is not on the default system code page (1252) of the Portuguese (Brazil) language you specified. This may cause compatibility problems in non-Unicode applications.
    WARNING: The dead key ̨ (U+0328) when combined with u (U+0075) returns ų (U+0173), but ų (U+0173) is not on the default system code page (1252) of the Portuguese (Brazil) language you specified. This may cause compatibility problems in non-Unicode applications.
    WARNING: The dead key ̨ (U+0328) when combined with o (U+006f) returns ǫ (U+01eb), but ǫ (U+01eb) is not on the default system code page (1252) of the Portuguese (Brazil) language you specified. This may cause compatibility problems in non-Unicode applications.
    WARNING: The dead key ̨ (U+0328) when combined with a (U+0061) returns ą (U+0105), but ą (U+0105) is not on the default system code page (1252) of the Portuguese (Brazil) language you specified. This may cause compatibility problems in non-Unicode applications.
    WARNING: The dead key ̨ (U+0328) when combined with e (U+0065) returns ę (U+0119), but ę (U+0119) is not on the default system code page (1252) of the Portuguese (Brazil) language you specified. This may cause compatibility problems in non-Unicode applications.
    WARNING: The dead key ̨ (U+0328) when combined with I (U+0049) returns Į (U+012e), but Į (U+012e) is not on the default system code page (1252) of the Portuguese (Brazil) language you specified. This may cause compatibility problems in non-Unicode applications.
    WARNING: The dead key ̨ (U+0328) when combined with U (U+0055) returns Ų (U+0172), but Ų (U+0172) is not on the default system code page (1252) of the Portuguese (Brazil) language you specified. This may cause compatibility problems in non-Unicode applications.
    WARNING: The dead key ̨ (U+0328) when combined with O (U+004f) returns Ǫ (U+01ea), but Ǫ (U+01ea) is not on the default system code page (1252) of the Portuguese (Brazil) language you specified. This may cause compatibility problems in non-Unicode applications.
    WARNING: The dead key ̨ (U+0328) when combined with A (U+0041) returns Ą (U+0104), but Ą (U+0104) is not on the default system code page (1252) of the Portuguese (Brazil) language you specified. This may cause compatibility problems in non-Unicode applications.
    WARNING: The dead key ̨ (U+0328) when combined with E (U+0045) returns Ę (U+0118), but Ę (U+0118) is not on the default system code page (1252) of the Portuguese (Brazil) language you specified. This may cause compatibility problems in non-Unicode applications.
    WARNING: The dead key ̨ (U+0328) when combined with   (U+0020) returns ˛ (U+02db), but ˛ (U+02db) is not on the default system code page (1252) of the Portuguese (Brazil) language you specified. This may cause compatibility problems in non-Unicode applications.
    WARNING: The dead key ¨ (U+00a8) when combined with H (U+0048) returns Ḧ (U+1e26), but Ḧ (U+1e26) is not on the default system code page (1252) of the Portuguese (Brazil) language you specified. This may cause compatibility problems in non-Unicode applications.
    WARNING: The dead key ¨ (U+00a8) when combined with h (U+0068) returns ḧ (U+1e27), but ḧ (U+1e27) is not on the default system code page (1252) of the Portuguese (Brazil) language you specified. This may cause compatibility problems in non-Unicode applications.
    WARNING: The dead key ¨ (U+00a8) when combined with W (U+0057) returns Ẅ (U+1e84), but Ẅ (U+1e84) is not on the default system code page (1252) of the Portuguese (Brazil) language you specified. This may cause compatibility problems in non-Unicode applications.
    WARNING: The dead key ¨ (U+00a8) when combined with w (U+0077) returns ẅ (U+1e85), but ẅ (U+1e85) is not on the default system code page (1252) of the Portuguese (Brazil) language you specified. This may cause compatibility problems in non-Unicode applications.
    WARNING: The dead key ¨ (U+00a8) when combined with X (U+0058) returns Ẍ (U+1e8c), but Ẍ (U+1e8c) is not on the default system code page (1252) of the Portuguese (Brazil) language you specified. This may cause compatibility problems in non-Unicode applications.
    WARNING: The dead key ¨ (U+00a8) when combined with x (U+0078) returns ẍ (U+1e8d), but ẍ (U+1e8d) is not on the default system code page (1252) of the Portuguese (Brazil) language you specified. This may cause compatibility problems in non-Unicode applications.
    WARNING: The dead key ¨ (U+00a8) when combined with t (U+0074) returns ẗ (U+1e97), but ẗ (U+1e97) is not on the default system code page (1252) of the Portuguese (Brazil) language you specified. This may cause compatibility problems in non-Unicode applications.
    WARNING: The dead key ̛ (U+031b) when combined with u (U+0075) returns ư (U+01b0), but ư (U+01b0) is not on the default system code page (1252) of the Portuguese (Brazil) language you specified. This may cause compatibility problems in non-Unicode applications.
    WARNING: The dead key ̛ (U+031b) when combined with o (U+006f) returns ơ (U+01a1), but ơ (U+01a1) is not on the default system code page (1252) of the Portuguese (Brazil) language you specified. This may cause compatibility problems in non-Unicode applications.
    WARNING: The dead key ̛ (U+031b) when combined with U (U+0055) returns Ư (U+01af), but Ư (U+01af) is not on the default system code page (1252) of the Portuguese (Brazil) language you specified. This may cause compatibility problems in non-Unicode applications.
    WARNING: The dead key ̛ (U+031b) when combined with O (U+004f) returns Ơ (U+01a0), but Ơ (U+01a0) is not on the default system code page (1252) of the Portuguese (Brazil) language you specified. This may cause compatibility problems in non-Unicode applications.
    WARNING: By convention, the last entry in the dead key table for '̛' (U+031b) should be a space (to create a spacing version of the dead key).
    WARNING: The dead key ̇ (U+0307) when combined with b (U+0062) returns ḃ (U+1e03), but ḃ (U+1e03) is not on the default system code page (1252) of the Portuguese (Brazil) language you specified. This may cause compatibility problems in non-Unicode applications.
    WARNING: The dead key ̇ (U+0307) when combined with f (U+0066) returns ḟ (U+1e1f), but ḟ (U+1e1f) is not on the default system code page (1252) of the Portuguese (Brazil) language you specified. This may cause compatibility problems in non-Unicode applications.
    WARNING: The dead key ̇ (U+0307) when combined with y (U+0079) returns ẏ (U+1e8f), but ẏ (U+1e8f) is not on the default system code page (1252) of the Portuguese (Brazil) language you specified. This may cause compatibility problems in non-Unicode applications.
    WARNING: The dead key ̇ (U+0307) when combined with g (U+0067) returns ġ (U+0121), but ġ (U+0121) is not on the default system code page (1252) of the Portuguese (Brazil) language you specified. This may cause compatibility problems in non-Unicode applications.
    WARNING: The dead key ̇ (U+0307) when combined with m (U+006d) returns ṁ (U+1e41), but ṁ (U+1e41) is not on the default system code page (1252) of the Portuguese (Brazil) language you specified. This may cause compatibility problems in non-Unicode applications.
    WARNING: The dead key ̇ (U+0307) when combined with d (U+0064) returns ḋ (U+1e0b), but ḋ (U+1e0b) is not on the default system code page (1252) of the Portuguese (Brazil) language you specified. This may cause compatibility problems in non-Unicode applications.
    WARNING: The dead key ̇ (U+0307) when combined with o (U+006f) returns ȯ (U+022f), but ȯ (U+022f) is not on the default system code page (1252) of the Portuguese (Brazil) language you specified. This may cause compatibility problems in non-Unicode applications.
    WARNING: The dead key ̇ (U+0307) when combined with a (U+0061) returns ȧ (U+0227), but ȧ (U+0227) is not on the default system code page (1252) of the Portuguese (Brazil) language you specified. This may cause compatibility problems in non-Unicode applications.
    WARNING: The dead key ̇ (U+0307) when combined with n (U+006e) returns ṅ (U+1e45), but ṅ (U+1e45) is not on the default system code page (1252) of the Portuguese (Brazil) language you specified. This may cause compatibility problems in non-Unicode applications.
    WARNING: The dead key ̇ (U+0307) when combined with e (U+0065) returns ė (U+0117), but ė (U+0117) is not on the default system code page (1252) of the Portuguese (Brazil) language you specified. This may cause compatibility problems in non-Unicode applications.
    WARNING: The dead key ̇ (U+0307) when combined with r (U+0072) returns ṙ (U+1e59), but ṙ (U+1e59) is not on the default system code page (1252) of the Portuguese (Brazil) language you specified. This may cause compatibility problems in non-Unicode applications.
    WARNING: The dead key ̇ (U+0307) when combined with s (U+0073) returns ṡ (U+1e61), but ṡ (U+1e61) is not on the default system code page (1252) of the Portuguese (Brazil) language you specified. This may cause compatibility problems in non-Unicode applications.
    WARNING: The dead key ̇ (U+0307) when combined with h (U+0068) returns ḣ (U+1e23), but ḣ (U+1e23) is not on the default system code page (1252) of the Portuguese (Brazil) language you specified. This may cause compatibility problems in non-Unicode applications.
    WARNING: The dead key ̇ (U+0307) when combined with p (U+0070) returns ṗ (U+1e57), but ṗ (U+1e57) is not on the default system code page (1252) of the Portuguese (Brazil) language you specified. This may cause compatibility problems in non-Unicode applications.
    WARNING: The dead key ̇ (U+0307) when combined with t (U+0074) returns ṫ (U+1e6b), but ṫ (U+1e6b) is not on the default system code page (1252) of the Portuguese (Brazil) language you specified. This may cause compatibility problems in non-Unicode applications.
    WARNING: The dead key ̇ (U+0307) when combined with x (U+0078) returns ẋ (U+1e8b), but ẋ (U+1e8b) is not on the default system code page (1252) of the Portuguese (Brazil) language you specified. This may cause compatibility problems in non-Unicode applications.
    WARNING: The dead key ̇ (U+0307) when combined with w (U+0077) returns ẇ (U+1e87), but ẇ (U+1e87) is not on the default system code page (1252) of the Portuguese (Brazil) language you specified. This may cause compatibility problems in non-Unicode applications.
    WARNING: The dead key ̇ (U+0307) when combined with c (U+0063) returns ċ (U+010b), but ċ (U+010b) is not on the default system code page (1252) of the Portuguese (Brazil) language you specified. This may cause compatibility problems in non-Unicode applications.
    WARNING: The dead key ̇ (U+0307) when combined with B (U+0042) returns Ḃ (U+1e02), but Ḃ (U+1e02) is not on the default system code page (1252) of the Portuguese (Brazil) language you specified. This may cause compatibility problems in non-Unicode applications.
    WARNING: The dead key ̇ (U+0307) when combined with F (U+0046) returns Ḟ (U+1e1e), but Ḟ (U+1e1e) is not on the default system code page (1252) of the Portuguese (Brazil) language you specified. This may cause compatibility problems in non-Unicode applications.
    WARNING: The dead key ̇ (U+0307) when combined with Y (U+0059) returns Ẏ (U+1e8e), but Ẏ (U+1e8e) is not on the default system code page (1252) of the Portuguese (Brazil) language you specified. This may cause compatibility problems in non-Unicode applications.
    WARNING: The dead key ̇ (U+0307) when combined with G (U+0047) returns Ġ (U+0120), but Ġ (U+0120) is not on the default system code page (1252) of the Portuguese (Brazil) language you specified. This may cause compatibility problems in non-Unicode applications.
    WARNING: The dead key ̇ (U+0307) when combined with I (U+0049) returns İ (U+0130), but İ (U+0130) is not on the default system code page (1252) of the Portuguese (Brazil) language you specified. This may cause compatibility problems in non-Unicode applications.
    WARNING: The dead key ̇ (U+0307) when combined with M (U+004d) returns Ṁ (U+1e40), but Ṁ (U+1e40) is not on the default system code page (1252) of the Portuguese (Brazil) language you specified. This may cause compatibility problems in non-Unicode applications.
    WARNING: The dead key ̇ (U+0307) when combined with D (U+0044) returns Ḋ (U+1e0a), but Ḋ (U+1e0a) is not on the default system code page (1252) of the Portuguese (Brazil) language you specified. This may cause compatibility problems in non-Unicode applications.
    WARNING: The dead key ̇ (U+0307) when combined with O (U+004f) returns Ȯ (U+022e), but Ȯ (U+022e) is not on the default system code page (1252) of the Portuguese (Brazil) language you specified. This may cause compatibility problems in non-Unicode applications.
    WARNING: The dead key ̇ (U+0307) when combined with A (U+0041) returns Ȧ (U+0226), but Ȧ (U+0226) is not on the default system code page (1252) of the Portuguese (Brazil) language you specified. This may cause compatibility problems in non-Unicode applications.
    WARNING: The dead key ̇ (U+0307) when combined with N (U+004e) returns Ṅ (U+1e44), but Ṅ (U+1e44) is not on the default system code page (1252) of the Portuguese (Brazil) language you specified. This may cause compatibility problems in non-Unicode applications.
    WARNING: The dead key ̇ (U+0307) when combined with E (U+0045) returns Ė (U+0116), but Ė (U+0116) is not on the default system code page (1252) of the Portuguese (Brazil) language you specified. This may cause compatibility problems in non-Unicode applications.
    WARNING: The dead key ̇ (U+0307) when combined with R (U+0052) returns Ṙ (U+1e58), but Ṙ (U+1e58) is not on the default system code page (1252) of the Portuguese (Brazil) language you specified. This may cause compatibility problems in non-Unicode applications.
    WARNING: The dead key ̇ (U+0307) when combined with S (U+0053) returns Ṡ (U+1e60), but Ṡ (U+1e60) is not on the default system code page (1252) of the Portuguese (Brazil) language you specified. This may cause compatibility problems in non-Unicode applications.
    WARNING: The dead key ̇ (U+0307) when combined with H (U+0048) returns Ḣ (U+1e22), but Ḣ (U+1e22) is not on the default system code page (1252) of the Portuguese (Brazil) language you specified. This may cause compatibility problems in non-Unicode applications.
    WARNING: The dead key ̇ (U+0307) when combined with P (U+0050) returns Ṗ (U+1e56), but Ṗ (U+1e56) is not on the default system code page (1252) of the Portuguese (Brazil) language you specified. This may cause compatibility problems in non-Unicode applications.
    WARNING: The dead key ̇ (U+0307) when combined with T (U+0054) returns Ṫ (U+1e6a), but Ṫ (U+1e6a) is not on the default system code page (1252) of the Portuguese (Brazil) language you specified. This may cause compatibility problems in non-Unicode applications.
    WARNING: The dead key ̇ (U+0307) when combined with X (U+0058) returns Ẋ (U+1e8a), but Ẋ (U+1e8a) is not on the default system code page (1252) of the Portuguese (Brazil) language you specified. This may cause compatibility problems in non-Unicode applications.
    WARNING: The dead key ̇ (U+0307) when combined with W (U+0057) returns Ẇ (U+1e86), but Ẇ (U+1e86) is not on the default system code page (1252) of the Portuguese (Brazil) language you specified. This may cause compatibility problems in non-Unicode applications.
    WARNING: The dead key ̇ (U+0307) when combined with C (U+0043) returns Ċ (U+010a), but Ċ (U+010a) is not on the default system code page (1252) of the Portuguese (Brazil) language you specified. This may cause compatibility problems in non-Unicode applications.
    WARNING: The dead key ̇ (U+0307) when combined with   (U+0020) returns ˙ (U+02d9), but ˙ (U+02d9) is not on the default system code page (1252) of the Portuguese (Brazil) language you specified. This may cause compatibility problems in non-Unicode applications.
    WARNING: The dead key ̣ (U+0323) when combined with k (U+006b) returns ḳ (U+1e33), but ḳ (U+1e33) is not on the default system code page (1252) of the Portuguese (Brazil) language you specified. This may cause compatibility problems in non-Unicode applications.
    WARNING: The dead key ̣ (U+0323) when combined with b (U+0062) returns ḅ (U+1e05), but ḅ (U+1e05) is not on the default system code page (1252) of the Portuguese (Brazil) language you specified. This may cause compatibility problems in non-Unicode applications.
    WARNING: The dead key ̣ (U+0323) when combined with z (U+007a) returns ẓ (U+1e93), but ẓ (U+1e93) is not on the default system code page (1252) of the Portuguese (Brazil) language you specified. This may cause compatibility problems in non-Unicode applications.
    WARNING: The dead key ̣ (U+0323) when combined with y (U+0079) returns ỵ (U+1ef5), but ỵ (U+1ef5) is not on the default system code page (1252) of the Portuguese (Brazil) language you specified. This may cause compatibility problems in non-Unicode applications.
    WARNING: The dead key ̣ (U+0323) when combined with v (U+0076) returns ṿ (U+1e7f), but ṿ (U+1e7f) is not on the default system code page (1252) of the Portuguese (Brazil) language you specified. This may cause compatibility problems in non-Unicode applications.
    WARNING: The dead key ̣ (U+0323) when combined with i (U+0069) returns ị (U+1ecb), but ị (U+1ecb) is not on the default system code page (1252) of the Portuguese (Brazil) language you specified. This may cause compatibility problems in non-Unicode applications.
    WARNING: The dead key ̣ (U+0323) when combined with m (U+006d) returns ṃ (U+1e43), but ṃ (U+1e43) is not on the default system code page (1252) of the Portuguese (Brazil) language you specified. This may cause compatibility problems in non-Unicode applications.
    WARNING: The dead key ̣ (U+0323) when combined with d (U+0064) returns ḍ (U+1e0d), but ḍ (U+1e0d) is not on the default system code page (1252) of the Portuguese (Brazil) language you specified. This may cause compatibility problems in non-Unicode applications.
    WARNING: The dead key ̣ (U+0323) when combined with u (U+0075) returns ụ (U+1ee5), but ụ (U+1ee5) is not on the default system code page (1252) of the Portuguese (Brazil) language you specified. This may cause compatibility problems in non-Unicode applications.
    WARNING: The dead key ̣ (U+0323) when combined with o (U+006f) returns ọ (U+1ecd), but ọ (U+1ecd) is not on the default system code page (1252) of the Portuguese (Brazil) language you specified. This may cause compatibility problems in non-Unicode applications.
    WARNING: The dead key ̣ (U+0323) when combined with a (U+0061) returns ạ (U+1ea1), but ạ (U+1ea1) is not on the default system code page (1252) of the Portuguese (Brazil) language you specified. This may cause compatibility problems in non-Unicode applications.
    WARNING: The dead key ̣ (U+0323) when combined with n (U+006e) returns ṇ (U+1e47), but ṇ (U+1e47) is not on the default system code page (1252) of the Portuguese (Brazil) language you specified. This may cause compatibility problems in non-Unicode applications.
    WARNING: The dead key ̣ (U+0323) when combined with e (U+0065) returns ẹ (U+1eb9), but ẹ (U+1eb9) is not on the default system code page (1252) of the Portuguese (Brazil) language you specified. This may cause compatibility problems in non-Unicode applications.
    WARNING: The dead key ̣ (U+0323) when combined with r (U+0072) returns ṛ (U+1e5b), but ṛ (U+1e5b) is not on the default system code page (1252) of the Portuguese (Brazil) language you specified. This may cause compatibility problems in non-Unicode applications.
    WARNING: The dead key ̣ (U+0323) when combined with s (U+0073) returns ṣ (U+1e63), but ṣ (U+1e63) is not on the default system code page (1252) of the Portuguese (Brazil) language you specified. This may cause compatibility problems in non-Unicode applications.
    WARNING: The dead key ̣ (U+0323) when combined with h (U+0068) returns ḥ (U+1e25), but ḥ (U+1e25) is not on the default system code page (1252) of the Portuguese (Brazil) language you specified. This may cause compatibility problems in non-Unicode applications.
    WARNING: The dead key ̣ (U+0323) when combined with l (U+006c) returns ḷ (U+1e37), but ḷ (U+1e37) is not on the default system code page (1252) of the Portuguese (Brazil) language you specified. This may cause compatibility problems in non-Unicode applications.
    WARNING: The dead key ̣ (U+0323) when combined with t (U+0074) returns ṭ (U+1e6d), but ṭ (U+1e6d) is not on the default system code page (1252) of the Portuguese (Brazil) language you specified. This may cause compatibility problems in non-Unicode applications.
    WARNING: The dead key ̣ (U+0323) when combined with w (U+0077) returns ẉ (U+1e89), but ẉ (U+1e89) is not on the default system code page (1252) of the Portuguese (Brazil) language you specified. This may cause compatibility problems in non-Unicode applications.
    WARNING: The dead key ̣ (U+0323) when combined with K (U+004b) returns Ḳ (U+1e32), but Ḳ (U+1e32) is not on the default system code page (1252) of the Portuguese (Brazil) language you specified. This may cause compatibility problems in non-Unicode applications.
    WARNING: The dead key ̣ (U+0323) when combined with B (U+0042) returns Ḅ (U+1e04), but Ḅ (U+1e04) is not on the default system code page (1252) of the Portuguese (Brazil) language you specified. This may cause compatibility problems in non-Unicode applications.
    WARNING: The dead key ̣ (U+0323) when combined with Z (U+005a) returns Ẓ (U+1e92), but Ẓ (U+1e92) is not on the default system code page (1252) of the Portuguese (Brazil) language you specified. This may cause compatibility problems in non-Unicode applications.
    WARNING: The dead key ̣ (U+0323) when combined with Y (U+0059) returns Ỵ (U+1ef4), but Ỵ (U+1ef4) is not on the default system code page (1252) of the Portuguese (Brazil) language you specified. This may cause compatibility problems in non-Unicode applications.
    WARNING: The dead key ̣ (U+0323) when combined with V (U+0056) returns Ṿ (U+1e7e), but Ṿ (U+1e7e) is not on the default system code page (1252) of the Portuguese (Brazil) language you specified. This may cause compatibility problems in non-Unicode applications.
    WARNING: The dead key ̣ (U+0323) when combined with I (U+0049) returns Ị (U+1eca), but Ị (U+1eca) is not on the default system code page (1252) of the Portuguese (Brazil) language you specified. This may cause compatibility problems in non-Unicode applications.
    WARNING: The dead key ̣ (U+0323) when combined with M (U+004d) returns Ṃ (U+1e42), but Ṃ (U+1e42) is not on the default system code page (1252) of the Portuguese (Brazil) language you specified. This may cause compatibility problems in non-Unicode applications.
    WARNING: The dead key ̣ (U+0323) when combined with D (U+0044) returns Ḍ (U+1e0c), but Ḍ (U+1e0c) is not on the default system code page (1252) of the Portuguese (Brazil) language you specified. This may cause compatibility problems in non-Unicode applications.
    WARNING: The dead key ̣ (U+0323) when combined with U (U+0055) returns Ụ (U+1ee4), but Ụ (U+1ee4) is not on the default system code page (1252) of the Portuguese (Brazil) language you specified. This may cause compatibility problems in non-Unicode applications.
    WARNING: The dead key ̣ (U+0323) when combined with O (U+004f) returns Ọ (U+1ecc), but Ọ (U+1ecc) is not on the default system code page (1252) of the Portuguese (Brazil) language you specified. This may cause compatibility problems in non-Unicode applications.
    WARNING: The dead key ̣ (U+0323) when combined with A (U+0041) returns Ạ (U+1ea0), but Ạ (U+1ea0) is not on the default system code page (1252) of the Portuguese (Brazil) language you specified. This may cause compatibility problems in non-Unicode applications.
    WARNING: The dead key ̣ (U+0323) when combined with N (U+004e) returns Ṇ (U+1e46), but Ṇ (U+1e46) is not on the default system code page (1252) of the Portuguese (Brazil) language you specified. This may cause compatibility problems in non-Unicode applications.
    WARNING: The dead key ̣ (U+0323) when combined with E (U+0045) returns Ẹ (U+1eb8), but Ẹ (U+1eb8) is not on the default system code page (1252) of the Portuguese (Brazil) language you specified. This may cause compatibility problems in non-Unicode applications.
    WARNING: The dead key ̣ (U+0323) when combined with R (U+0052) returns Ṛ (U+1e5a), but Ṛ (U+1e5a) is not on the default system code page (1252) of the Portuguese (Brazil) language you specified. This may cause compatibility problems in non-Unicode applications.
    WARNING: The dead key ̣ (U+0323) when combined with S (U+0053) returns Ṣ (U+1e62), but Ṣ (U+1e62) is not on the default system code page (1252) of the Portuguese (Brazil) language you specified. This may cause compatibility problems in non-Unicode applications.
    WARNING: The dead key ̣ (U+0323) when combined with H (U+0048) returns Ḥ (U+1e24), but Ḥ (U+1e24) is not on the default system code page (1252) of the Portuguese (Brazil) language you specified. This may cause compatibility problems in non-Unicode applications.
    WARNING: The dead key ̣ (U+0323) when combined with L (U+004c) returns Ḷ (U+1e36), but Ḷ (U+1e36) is not on the default system code page (1252) of the Portuguese (Brazil) language you specified. This may cause compatibility problems in non-Unicode applications.
    WARNING: The dead key ̣ (U+0323) when combined with T (U+0054) returns Ṭ (U+1e6c), but Ṭ (U+1e6c) is not on the default system code page (1252) of the Portuguese (Brazil) language you specified. This may cause compatibility problems in non-Unicode applications.
    WARNING: The dead key ̣ (U+0323) when combined with W (U+0057) returns Ẉ (U+1e88), but Ẉ (U+1e88) is not on the default system code page (1252) of the Portuguese (Brazil) language you specified. This may cause compatibility problems in non-Unicode applications.
    WARNING: The dead key ̣ (U+0323) when combined with   (U+0020) returns ̣ (U+0323), but ̣ (U+0323) is not on the default system code page (1252) of the Portuguese (Brazil) language you specified. This may cause compatibility problems in non-Unicode applications.
    WARNING: The dead key ̉ (U+0309) when combined with y (U+0079) returns ỷ (U+1ef7), but ỷ (U+1ef7) is not on the default system code page (1252) of the Portuguese (Brazil) language you specified. This may cause compatibility problems in non-Unicode applications.
    WARNING: The dead key ̉ (U+0309) when combined with i (U+0069) returns ỉ (U+1ec9), but ỉ (U+1ec9) is not on the default system code page (1252) of the Portuguese (Brazil) language you specified. This may cause compatibility problems in non-Unicode applications.
    WARNING: The dead key ̉ (U+0309) when combined with u (U+0075) returns ủ (U+1ee7), but ủ (U+1ee7) is not on the default system code page (1252) of the Portuguese (Brazil) language you specified. This may cause compatibility problems in non-Unicode applications.
    WARNING: The dead key ̉ (U+0309) when combined with o (U+006f) returns ỏ (U+1ecf), but ỏ (U+1ecf) is not on the default system code page (1252) of the Portuguese (Brazil) language you specified. This may cause compatibility problems in non-Unicode applications.
    WARNING: The dead key ̉ (U+0309) when combined with a (U+0061) returns ả (U+1ea3), but ả (U+1ea3) is not on the default system code page (1252) of the Portuguese (Brazil) language you specified. This may cause compatibility problems in non-Unicode applications.
    WARNING: The dead key ̉ (U+0309) when combined with e (U+0065) returns ẻ (U+1ebb), but ẻ (U+1ebb) is not on the default system code page (1252) of the Portuguese (Brazil) language you specified. This may cause compatibility problems in non-Unicode applications.
    WARNING: The dead key ̉ (U+0309) when combined with Y (U+0059) returns Ỷ (U+1ef6), but Ỷ (U+1ef6) is not on the default system code page (1252) of the Portuguese (Brazil) language you specified. This may cause compatibility problems in non-Unicode applications.
    WARNING: The dead key ̉ (U+0309) when combined with I (U+0049) returns Ỉ (U+1ec8), but Ỉ (U+1ec8) is not on the default system code page (1252) of the Portuguese (Brazil) language you specified. This may cause compatibility problems in non-Unicode applications.
    WARNING: The dead key ̉ (U+0309) when combined with U (U+0055) returns Ủ (U+1ee6), but Ủ (U+1ee6) is not on the default system code page (1252) of the Portuguese (Brazil) language you specified. This may cause compatibility problems in non-Unicode applications.
    WARNING: The dead key ̉ (U+0309) when combined with O (U+004f) returns Ỏ (U+1ece), but Ỏ (U+1ece) is not on the default system code page (1252) of the Portuguese (Brazil) language you specified. This may cause compatibility problems in non-Unicode applications.
    WARNING: The dead key ̉ (U+0309) when combined with A (U+0041) returns Ả (U+1ea2), but Ả (U+1ea2) is not on the default system code page (1252) of the Portuguese (Brazil) language you specified. This may cause compatibility problems in non-Unicode applications.
    WARNING: The dead key ̉ (U+0309) when combined with E (U+0045) returns Ẻ (U+1eba), but Ẻ (U+1eba) is not on the default system code page (1252) of the Portuguese (Brazil) language you specified. This may cause compatibility problems in non-Unicode applications.
    WARNING: By convention, the last entry in the dead key table for '̉' (U+0309) should be a space (to create a spacing version of the dead key).
    WARNING: The dead key ̧ (U+0327) when combined with k (U+006b) returns ķ (U+0137), but ķ (U+0137) is not on the default system code page (1252) of the Portuguese (Brazil) language you specified. This may cause compatibility problems in non-Unicode applications.
    WARNING: The dead key ̧ (U+0327) when combined with g (U+0067) returns ģ (U+0123), but ģ (U+0123) is not on the default system code page (1252) of the Portuguese (Brazil) language you specified. This may cause compatibility problems in non-Unicode applications.
    WARNING: The dead key ̧ (U+0327) when combined with n (U+006e) returns ņ (U+0146), but ņ (U+0146) is not on the default system code page (1252) of the Portuguese (Brazil) language you specified. This may cause compatibility problems in non-Unicode applications.
    WARNING: The dead key ̧ (U+0327) when combined with r (U+0072) returns ŗ (U+0157), but ŗ (U+0157) is not on the default system code page (1252) of the Portuguese (Brazil) language you specified. This may cause compatibility problems in non-Unicode applications.
    WARNING: The dead key ̧ (U+0327) when combined with s (U+0073) returns ş (U+015f), but ş (U+015f) is not on the default system code page (1252) of the Portuguese (Brazil) language you specified. This may cause compatibility problems in non-Unicode applications.
    WARNING: The dead key ̧ (U+0327) when combined with l (U+006c) returns ļ (U+013c), but ļ (U+013c) is not on the default system code page (1252) of the Portuguese (Brazil) language you specified. This may cause compatibility problems in non-Unicode applications.
    WARNING: The dead key ̧ (U+0327) when combined with t (U+0074) returns ţ (U+0163), but ţ (U+0163) is not on the default system code page (1252) of the Portuguese (Brazil) language you specified. This may cause compatibility problems in non-Unicode applications.
    WARNING: The dead key ̧ (U+0327) when combined with K (U+004b) returns Ķ (U+0136), but Ķ (U+0136) is not on the default system code page (1252) of the Portuguese (Brazil) language you specified. This may cause compatibility problems in non-Unicode applications.
    WARNING: The dead key ̧ (U+0327) when combined with G (U+0047) returns Ģ (U+0122), but Ģ (U+0122) is not on the default system code page (1252) of the Portuguese (Brazil) language you specified. This may cause compatibility problems in non-Unicode applications.
    WARNING: The dead key ̧ (U+0327) when combined with N (U+004e) returns Ņ (U+0145), but Ņ (U+0145) is not on the default system code page (1252) of the Portuguese (Brazil) language you specified. This may cause compatibility problems in non-Unicode applications.
    WARNING: The dead key ̧ (U+0327) when combined with R (U+0052) returns Ŗ (U+0156), but Ŗ (U+0156) is not on the default system code page (1252) of the Portuguese (Brazil) language you specified. This may cause compatibility problems in non-Unicode applications.
    WARNING: The dead key ̧ (U+0327) when combined with S (U+0053) returns Ş (U+015e), but Ş (U+015e) is not on the default system code page (1252) of the Portuguese (Brazil) language you specified. This may cause compatibility problems in non-Unicode applications.
    WARNING: The dead key ̧ (U+0327) when combined with L (U+004c) returns Ļ (U+013b), but Ļ (U+013b) is not on the default system code page (1252) of the Portuguese (Brazil) language you specified. This may cause compatibility problems in non-Unicode applications.
    WARNING: The dead key ̧ (U+0327) when combined with T (U+0054) returns Ţ (U+0162), but Ţ (U+0162) is not on the default system code page (1252) of the Portuguese (Brazil) language you specified. This may cause compatibility problems in non-Unicode applications.
    WARNING: The dead key ̊ (U+030a) when combined with u (U+0075) returns ů (U+016f), but ů (U+016f) is not on the default system code page (1252) of the Portuguese (Brazil) language you specified. This may cause compatibility problems in non-Unicode applications.
    WARNING: The dead key ̊ (U+030a) when combined with U (U+0055) returns Ů (U+016e), but Ů (U+016e) is not on the default system code page (1252) of the Portuguese (Brazil) language you specified. This may cause compatibility problems in non-Unicode applications.
    WARNING: The dead key ̊ (U+030a) when combined with   (U+0020) returns ˚ (U+02da), but ˚ (U+02da) is not on the default system code page (1252) of the Portuguese (Brazil) language you specified. This may cause compatibility problems in non-Unicode applications.
    WARNING: The dead key ̶ (U+0336) when combined with b (U+0062) returns ƀ (U+0180), but ƀ (U+0180) is not on the default system code page (1252) of the Portuguese (Brazil) language you specified. This may cause compatibility problems in non-Unicode applications.
    WARNING: The dead key ̶ (U+0336) when combined with z (U+007a) returns ƶ (U+01b6), but ƶ (U+01b6) is not on the default system code page (1252) of the Portuguese (Brazil) language you specified. This may cause compatibility problems in non-Unicode applications.
    WARNING: The dead key ̶ (U+0336) when combined with y (U+0079) returns ɏ (U+024f), but ɏ (U+024f) is not on the default system code page (1252) of the Portuguese (Brazil) language you specified. This may cause compatibility problems in non-Unicode applications.
    WARNING: The dead key ̶ (U+0336) when combined with g (U+0067) returns ǥ (U+01e5), but ǥ (U+01e5) is not on the default system code page (1252) of the Portuguese (Brazil) language you specified. This may cause compatibility problems in non-Unicode applications.
    WARNING: The dead key ̶ (U+0336) when combined with i (U+0069) returns ɨ (U+0268), but ɨ (U+0268) is not on the default system code page (1252) of the Portuguese (Brazil) language you specified. This may cause compatibility problems in non-Unicode applications.
    WARNING: The dead key ̶ (U+0336) when combined with d (U+0064) returns đ (U+0111), but đ (U+0111) is not on the default system code page (1252) of the Portuguese (Brazil) language you specified. This may cause compatibility problems in non-Unicode applications.
    WARNING: The dead key ̶ (U+0336) when combined with u (U+0075) returns ʉ (U+0289), but ʉ (U+0289) is not on the default system code page (1252) of the Portuguese (Brazil) language you specified. This may cause compatibility problems in non-Unicode applications.
    WARNING: The dead key ̶ (U+0336) when combined with r (U+0072) returns ɍ (U+024d), but ɍ (U+024d) is not on the default system code page (1252) of the Portuguese (Brazil) language you specified. This may cause compatibility problems in non-Unicode applications.
    WARNING: The dead key ̶ (U+0336) when combined with h (U+0068) returns ħ (U+0127), but ħ (U+0127) is not on the default system code page (1252) of the Portuguese (Brazil) language you specified. This may cause compatibility problems in non-Unicode applications.
    WARNING: The dead key ̶ (U+0336) when combined with l (U+006c) returns ł (U+0142), but ł (U+0142) is not on the default system code page (1252) of the Portuguese (Brazil) language you specified. This may cause compatibility problems in non-Unicode applications.
    WARNING: The dead key ̶ (U+0336) when combined with t (U+0074) returns ŧ (U+0167), but ŧ (U+0167) is not on the default system code page (1252) of the Portuguese (Brazil) language you specified. This may cause compatibility problems in non-Unicode applications.
    WARNING: The dead key ̶ (U+0336) when combined with B (U+0042) returns Ƀ (U+0243), but Ƀ (U+0243) is not on the default system code page (1252) of the Portuguese (Brazil) language you specified. This may cause compatibility problems in non-Unicode applications.
    WARNING: The dead key ̶ (U+0336) when combined with Z (U+005a) returns Ƶ (U+01b5), but Ƶ (U+01b5) is not on the default system code page (1252) of the Portuguese (Brazil) language you specified. This may cause compatibility problems in non-Unicode applications.
    WARNING: The dead key ̶ (U+0336) when combined with Y (U+0059) returns Ɏ (U+024e), but Ɏ (U+024e) is not on the default system code page (1252) of the Portuguese (Brazil) language you specified. This may cause compatibility problems in non-Unicode applications.
    WARNING: The dead key ̶ (U+0336) when combined with G (U+0047) returns Ǥ (U+01e4), but Ǥ (U+01e4) is not on the default system code page (1252) of the Portuguese (Brazil) language you specified. This may cause compatibility problems in non-Unicode applications.
    WARNING: The dead key ̶ (U+0336) when combined with I (U+0049) returns Ɨ (U+0197), but Ɨ (U+0197) is not on the default system code page (1252) of the Portuguese (Brazil) language you specified. This may cause compatibility problems in non-Unicode applications.
    WARNING: The dead key ̶ (U+0336) when combined with D (U+0044) returns Đ (U+0110), but Đ (U+0110) is not on the default system code page (1252) of the Portuguese (Brazil) language you specified. This may cause compatibility problems in non-Unicode applications.
    WARNING: The dead key ̶ (U+0336) when combined with U (U+0055) returns Ʉ (U+0244), but Ʉ (U+0244) is not on the default system code page (1252) of the Portuguese (Brazil) language you specified. This may cause compatibility problems in non-Unicode applications.
    WARNING: The dead key ̶ (U+0336) when combined with R (U+0052) returns Ɍ (U+024c), but Ɍ (U+024c) is not on the default system code page (1252) of the Portuguese (Brazil) language you specified. This may cause compatibility problems in non-Unicode applications.
    WARNING: The dead key ̶ (U+0336) when combined with H (U+0048) returns Ħ (U+0126), but Ħ (U+0126) is not on the default system code page (1252) of the Portuguese (Brazil) language you specified. This may cause compatibility problems in non-Unicode applications.
    WARNING: The dead key ̶ (U+0336) when combined with L (U+004c) returns Ł (U+0141), but Ł (U+0141) is not on the default system code page (1252) of the Portuguese (Brazil) language you specified. This may cause compatibility problems in non-Unicode applications.
    WARNING: The dead key ̶ (U+0336) when combined with T (U+0054) returns Ŧ (U+0166), but Ŧ (U+0166) is not on the default system code page (1252) of the Portuguese (Brazil) language you specified. This may cause compatibility problems in non-Unicode applications.
    WARNING: By convention, the last entry in the dead key table for '̶' (U+0336) should be a space (to create a spacing version of the dead key).
    WARNING: The dead key ̱ (U+0331) when combined with k (U+006b) returns ḵ (U+1e35), but ḵ (U+1e35) is not on the default system code page (1252) of the Portuguese (Brazil) language you specified. This may cause compatibility problems in non-Unicode applications.
    WARNING: The dead key ̱ (U+0331) when combined with b (U+0062) returns ḇ (U+1e07), but ḇ (U+1e07) is not on the default system code page (1252) of the Portuguese (Brazil) language you specified. This may cause compatibility problems in non-Unicode applications.
    WARNING: The dead key ̱ (U+0331) when combined with z (U+007a) returns ẕ (U+1e95), but ẕ (U+1e95) is not on the default system code page (1252) of the Portuguese (Brazil) language you specified. This may cause compatibility problems in non-Unicode applications.
    WARNING: The dead key ̱ (U+0331) when combined with d (U+0064) returns ḏ (U+1e0f), but ḏ (U+1e0f) is not on the default system code page (1252) of the Portuguese (Brazil) language you specified. This may cause compatibility problems in non-Unicode applications.
    WARNING: The dead key ̱ (U+0331) when combined with n (U+006e) returns ṉ (U+1e49), but ṉ (U+1e49) is not on the default system code page (1252) of the Portuguese (Brazil) language you specified. This may cause compatibility problems in non-Unicode applications.
    WARNING: The dead key ̱ (U+0331) when combined with r (U+0072) returns ṟ (U+1e5f), but ṟ (U+1e5f) is not on the default system code page (1252) of the Portuguese (Brazil) language you specified. This may cause compatibility problems in non-Unicode applications.
    WARNING: The dead key ̱ (U+0331) when combined with h (U+0068) returns ẖ (U+1e96), but ẖ (U+1e96) is not on the default system code page (1252) of the Portuguese (Brazil) language you specified. This may cause compatibility problems in non-Unicode applications.
    WARNING: The dead key ̱ (U+0331) when combined with l (U+006c) returns ḻ (U+1e3b), but ḻ (U+1e3b) is not on the default system code page (1252) of the Portuguese (Brazil) language you specified. This may cause compatibility problems in non-Unicode applications.
    WARNING: The dead key ̱ (U+0331) when combined with t (U+0074) returns ṯ (U+1e6f), but ṯ (U+1e6f) is not on the default system code page (1252) of the Portuguese (Brazil) language you specified. This may cause compatibility problems in non-Unicode applications.
    WARNING: The dead key ̱ (U+0331) when combined with K (U+004b) returns Ḵ (U+1e34), but Ḵ (U+1e34) is not on the default system code page (1252) of the Portuguese (Brazil) language you specified. This may cause compatibility problems in non-Unicode applications.
    WARNING: The dead key ̱ (U+0331) when combined with B (U+0042) returns Ḇ (U+1e06), but Ḇ (U+1e06) is not on the default system code page (1252) of the Portuguese (Brazil) language you specified. This may cause compatibility problems in non-Unicode applications.
    WARNING: The dead key ̱ (U+0331) when combined with Z (U+005a) returns Ẕ (U+1e94), but Ẕ (U+1e94) is not on the default system code page (1252) of the Portuguese (Brazil) language you specified. This may cause compatibility problems in non-Unicode applications.
    WARNING: The dead key ̱ (U+0331) when combined with D (U+0044) returns Ḏ (U+1e0e), but Ḏ (U+1e0e) is not on the default system code page (1252) of the Portuguese (Brazil) language you specified. This may cause compatibility problems in non-Unicode applications.
    WARNING: The dead key ̱ (U+0331) when combined with N (U+004e) returns Ṉ (U+1e48), but Ṉ (U+1e48) is not on the default system code page (1252) of the Portuguese (Brazil) language you specified. This may cause compatibility problems in non-Unicode applications.
    WARNING: The dead key ̱ (U+0331) when combined with R (U+0052) returns Ṟ (U+1e5e), but Ṟ (U+1e5e) is not on the default system code page (1252) of the Portuguese (Brazil) language you specified. This may cause compatibility problems in non-Unicode applications.
    WARNING: The dead key ̱ (U+0331) when combined with L (U+004c) returns Ḻ (U+1e3a), but Ḻ (U+1e3a) is not on the default system code page (1252) of the Portuguese (Brazil) language you specified. This may cause compatibility problems in non-Unicode applications.
    WARNING: The dead key ̱ (U+0331) when combined with T (U+0054) returns Ṯ (U+1e6e), but Ṯ (U+1e6e) is not on the default system code page (1252) of the Portuguese (Brazil) language you specified. This may cause compatibility problems in non-Unicode applications.
    WARNING: The dead key ̱ (U+0331) when combined with   (U+0020) returns ˍ (U+02cd), but ˍ (U+02cd) is not on the default system code page (1252) of the Portuguese (Brazil) language you specified. This may cause compatibility problems in non-Unicode applications.
    WARNING: The dead key ̭ (U+032d) when combined with d (U+0064) returns ḓ (U+1e13), but ḓ (U+1e13) is not on the default system code page (1252) of the Portuguese (Brazil) language you specified. This may cause compatibility problems in non-Unicode applications.
    WARNING: The dead key ̭ (U+032d) when combined with u (U+0075) returns ṷ (U+1e77), but ṷ (U+1e77) is not on the default system code page (1252) of the Portuguese (Brazil) language you specified. This may cause compatibility problems in non-Unicode applications.
    WARNING: The dead key ̭ (U+032d) when combined with n (U+006e) returns ṋ (U+1e4b), but ṋ (U+1e4b) is not on the default system code page (1252) of the Portuguese (Brazil) language you specified. This may cause compatibility problems in non-Unicode applications.
    WARNING: The dead key ̭ (U+032d) when combined with e (U+0065) returns ḙ (U+1e19), but ḙ (U+1e19) is not on the default system code page (1252) of the Portuguese (Brazil) language you specified. This may cause compatibility problems in non-Unicode applications.
    WARNING: The dead key ̭ (U+032d) when combined with l (U+006c) returns ḽ (U+1e3d), but ḽ (U+1e3d) is not on the default system code page (1252) of the Portuguese (Brazil) language you specified. This may cause compatibility problems in non-Unicode applications.
    WARNING: The dead key ̭ (U+032d) when combined with t (U+0074) returns ṱ (U+1e71), but ṱ (U+1e71) is not on the default system code page (1252) of the Portuguese (Brazil) language you specified. This may cause compatibility problems in non-Unicode applications.
    WARNING: The dead key ̭ (U+032d) when combined with D (U+0044) returns Ḓ (U+1e12), but Ḓ (U+1e12) is not on the default system code page (1252) of the Portuguese (Brazil) language you specified. This may cause compatibility problems in non-Unicode applications.
    WARNING: The dead key ̭ (U+032d) when combined with U (U+0055) returns Ṷ (U+1e76), but Ṷ (U+1e76) is not on the default system code page (1252) of the Portuguese (Brazil) language you specified. This may cause compatibility problems in non-Unicode applications.
    WARNING: The dead key ̭ (U+032d) when combined with N (U+004e) returns Ṋ (U+1e4a), but Ṋ (U+1e4a) is not on the default system code page (1252) of the Portuguese (Brazil) language you specified. This may cause compatibility problems in non-Unicode applications.
    WARNING: The dead key ̭ (U+032d) when combined with E (U+0045) returns Ḙ (U+1e18), but Ḙ (U+1e18) is not on the default system code page (1252) of the Portuguese (Brazil) language you specified. This may cause compatibility problems in non-Unicode applications.
    WARNING: The dead key ̭ (U+032d) when combined with L (U+004c) returns Ḽ (U+1e3c), but Ḽ (U+1e3c) is not on the default system code page (1252) of the Portuguese (Brazil) language you specified. This may cause compatibility problems in non-Unicode applications.
    WARNING: The dead key ̭ (U+032d) when combined with T (U+0054) returns Ṱ (U+1e70), but Ṱ (U+1e70) is not on the default system code page (1252) of the Portuguese (Brazil) language you specified. This may cause compatibility problems in non-Unicode applications.
    WARNING: By convention, the last entry in the dead key table for '̭' (U+032d) should be a space (to create a spacing version of the dead key).
    WARNING: The dead key ´ (U+00b4) when combined with k (U+006b) returns ḱ (U+1e31), but ḱ (U+1e31) is not on the default system code page (1252) of the Portuguese (Brazil) language you specified. This may cause compatibility problems in non-Unicode applications.
    WARNING: The dead key ´ (U+00b4) when combined with ç (U+00e7) returns Ḉ (U+1e08), but Ḉ (U+1e08) is not on the default system code page (1252) of the Portuguese (Brazil) language you specified. This may cause compatibility problems in non-Unicode applications.
    WARNING: The dead key ´ (U+00b4) when combined with z (U+007a) returns ź (U+017a), but ź (U+017a) is not on the default system code page (1252) of the Portuguese (Brazil) language you specified. This may cause compatibility problems in non-Unicode applications.
    WARNING: The dead key ´ (U+00b4) when combined with g (U+0067) returns ǵ (U+01f5), but ǵ (U+01f5) is not on the default system code page (1252) of the Portuguese (Brazil) language you specified. This may cause compatibility problems in non-Unicode applications.
    WARNING: The dead key ´ (U+00b4) when combined with m (U+006d) returns ḿ (U+1e3f), but ḿ (U+1e3f) is not on the default system code page (1252) of the Portuguese (Brazil) language you specified. This may cause compatibility problems in non-Unicode applications.
    WARNING: The dead key ´ (U+00b4) when combined with n (U+006e) returns ń (U+0144), but ń (U+0144) is not on the default system code page (1252) of the Portuguese (Brazil) language you specified. This may cause compatibility problems in non-Unicode applications.
    WARNING: The dead key ´ (U+00b4) when combined with r (U+0072) returns ŕ (U+0155), but ŕ (U+0155) is not on the default system code page (1252) of the Portuguese (Brazil) language you specified. This may cause compatibility problems in non-Unicode applications.
    WARNING: The dead key ´ (U+00b4) when combined with s (U+0073) returns ś (U+015b), but ś (U+015b) is not on the default system code page (1252) of the Portuguese (Brazil) language you specified. This may cause compatibility problems in non-Unicode applications.
    WARNING: The dead key ´ (U+00b4) when combined with p (U+0070) returns ṕ (U+1e55), but ṕ (U+1e55) is not on the default system code page (1252) of the Portuguese (Brazil) language you specified. This may cause compatibility problems in non-Unicode applications.
    WARNING: The dead key ´ (U+00b4) when combined with l (U+006c) returns ĺ (U+013a), but ĺ (U+013a) is not on the default system code page (1252) of the Portuguese (Brazil) language you specified. This may cause compatibility problems in non-Unicode applications.
    WARNING: The dead key ´ (U+00b4) when combined with w (U+0077) returns ẃ (U+1e83), but ẃ (U+1e83) is not on the default system code page (1252) of the Portuguese (Brazil) language you specified. This may cause compatibility problems in non-Unicode applications.
    WARNING: The dead key ´ (U+00b4) when combined with c (U+0063) returns Ć (U+0106), but Ć (U+0106) is not on the default system code page (1252) of the Portuguese (Brazil) language you specified. This may cause compatibility problems in non-Unicode applications.
    WARNING: The dead key ´ (U+00b4) when combined with K (U+004b) returns Ḱ (U+1e30), but Ḱ (U+1e30) is not on the default system code page (1252) of the Portuguese (Brazil) language you specified. This may cause compatibility problems in non-Unicode applications.
    WARNING: The dead key ´ (U+00b4) when combined with Ç (U+00c7) returns ḉ (U+1e09), but ḉ (U+1e09) is not on the default system code page (1252) of the Portuguese (Brazil) language you specified. This may cause compatibility problems in non-Unicode applications.
    WARNING: The dead key ´ (U+00b4) when combined with Z (U+005a) returns Ź (U+0179), but Ź (U+0179) is not on the default system code page (1252) of the Portuguese (Brazil) language you specified. This may cause compatibility problems in non-Unicode applications.
    WARNING: The dead key ´ (U+00b4) when combined with G (U+0047) returns Ǵ (U+01f4), but Ǵ (U+01f4) is not on the default system code page (1252) of the Portuguese (Brazil) language you specified. This may cause compatibility problems in non-Unicode applications.
    WARNING: The dead key ´ (U+00b4) when combined with M (U+004d) returns Ḿ (U+1e3e), but Ḿ (U+1e3e) is not on the default system code page (1252) of the Portuguese (Brazil) language you specified. This may cause compatibility problems in non-Unicode applications.
    WARNING: The dead key ´ (U+00b4) when combined with N (U+004e) returns Ń (U+0143), but Ń (U+0143) is not on the default system code page (1252) of the Portuguese (Brazil) language you specified. This may cause compatibility problems in non-Unicode applications.
    WARNING: The dead key ´ (U+00b4) when combined with R (U+0052) returns Ŕ (U+0154), but Ŕ (U+0154) is not on the default system code page (1252) of the Portuguese (Brazil) language you specified. This may cause compatibility problems in non-Unicode applications.
    WARNING: The dead key ´ (U+00b4) when combined with S (U+0053) returns Ś (U+015a), but Ś (U+015a) is not on the default system code page (1252) of the Portuguese (Brazil) language you specified. This may cause compatibility problems in non-Unicode applications.
    WARNING: The dead key ´ (U+00b4) when combined with P (U+0050) returns Ṕ (U+1e54), but Ṕ (U+1e54) is not on the default system code page (1252) of the Portuguese (Brazil) language you specified. This may cause compatibility problems in non-Unicode applications.
    WARNING: The dead key ´ (U+00b4) when combined with L (U+004c) returns Ĺ (U+0139), but Ĺ (U+0139) is not on the default system code page (1252) of the Portuguese (Brazil) language you specified. This may cause compatibility problems in non-Unicode applications.
    WARNING: The dead key ´ (U+00b4) when combined with W (U+0057) returns Ẃ (U+1e82), but Ẃ (U+1e82) is not on the default system code page (1252) of the Portuguese (Brazil) language you specified. This may cause compatibility problems in non-Unicode applications.
    WARNING: The dead key ´ (U+00b4) when combined with C (U+0043) returns ć (U+0107), but ć (U+0107) is not on the default system code page (1252) of the Portuguese (Brazil) language you specified. This may cause compatibility problems in non-Unicode applications.
    WARNING: The dead key ´ (U+00b4) when combined with ø (U+00f8) returns ǿ (U+01ff), but ǿ (U+01ff) is not on the default system code page (1252) of the Portuguese (Brazil) language you specified. This may cause compatibility problems in non-Unicode applications.
    WARNING: The dead key ´ (U+00b4) when combined with æ (U+00e6) returns ǽ (U+01fd), but ǽ (U+01fd) is not on the default system code page (1252) of the Portuguese (Brazil) language you specified. This may cause compatibility problems in non-Unicode applications.
    WARNING: The dead key ´ (U+00b4) when combined with Ø (U+00d8) returns Ǿ (U+01fe), but Ǿ (U+01fe) is not on the default system code page (1252) of the Portuguese (Brazil) language you specified. This may cause compatibility problems in non-Unicode applications.
    WARNING: The dead key ´ (U+00b4) when combined with Æ (U+00c6) returns Ǽ (U+01fc), but Ǽ (U+01fc) is not on the default system code page (1252) of the Portuguese (Brazil) language you specified. This may cause compatibility problems in non-Unicode applications.
    WARNING: The dead key ` (U+0060) when combined with y (U+0079) returns ỳ (U+1ef3), but ỳ (U+1ef3) is not on the default system code page (1252) of the Portuguese (Brazil) language you specified. This may cause compatibility problems in non-Unicode applications.
    WARNING: The dead key ` (U+0060) when combined with n (U+006e) returns ǹ (U+01f9), but ǹ (U+01f9) is not on the default system code page (1252) of the Portuguese (Brazil) language you specified. This may cause compatibility problems in non-Unicode applications.
    WARNING: The dead key ` (U+0060) when combined with w (U+0077) returns ẁ (U+1e81), but ẁ (U+1e81) is not on the default system code page (1252) of the Portuguese (Brazil) language you specified. This may cause compatibility problems in non-Unicode applications.
    WARNING: The dead key ` (U+0060) when combined with Y (U+0059) returns Ỳ (U+1ef2), but Ỳ (U+1ef2) is not on the default system code page (1252) of the Portuguese (Brazil) language you specified. This may cause compatibility problems in non-Unicode applications.
    WARNING: The dead key ` (U+0060) when combined with N (U+004e) returns Ǹ (U+01f8), but Ǹ (U+01f8) is not on the default system code page (1252) of the Portuguese (Brazil) language you specified. This may cause compatibility problems in non-Unicode applications.
    WARNING: The dead key ` (U+0060) when combined with W (U+0057) returns Ẁ (U+1e80), but Ẁ (U+1e80) is not on the default system code page (1252) of the Portuguese (Brazil) language you specified. This may cause compatibility problems in non-Unicode applications.
    WARNING: The dead key ̆ (U+0306) when combined with g (U+0067) returns ğ (U+011f), but ğ (U+011f) is not on the default system code page (1252) of the Portuguese (Brazil) language you specified. This may cause compatibility problems in non-Unicode applications.
    WARNING: The dead key ̆ (U+0306) when combined with i (U+0069) returns ĭ (U+012d), but ĭ (U+012d) is not on the default system code page (1252) of the Portuguese (Brazil) language you specified. This may cause compatibility problems in non-Unicode applications.
    WARNING: The dead key ̆ (U+0306) when combined with u (U+0075) returns ŭ (U+016d), but ŭ (U+016d) is not on the default system code page (1252) of the Portuguese (Brazil) language you specified. This may cause compatibility problems in non-Unicode applications.
    WARNING: The dead key ̆ (U+0306) when combined with o (U+006f) returns ŏ (U+014f), but ŏ (U+014f) is not on the default system code page (1252) of the Portuguese (Brazil) language you specified. This may cause compatibility problems in non-Unicode applications.
    WARNING: The dead key ̆ (U+0306) when combined with a (U+0061) returns ă (U+0103), but ă (U+0103) is not on the default system code page (1252) of the Portuguese (Brazil) language you specified. This may cause compatibility problems in non-Unicode applications.
    WARNING: The dead key ̆ (U+0306) when combined with e (U+0065) returns ĕ (U+0115), but ĕ (U+0115) is not on the default system code page (1252) of the Portuguese (Brazil) language you specified. This may cause compatibility problems in non-Unicode applications.
    WARNING: The dead key ̆ (U+0306) when combined with G (U+0047) returns Ğ (U+011e), but Ğ (U+011e) is not on the default system code page (1252) of the Portuguese (Brazil) language you specified. This may cause compatibility problems in non-Unicode applications.
    WARNING: The dead key ̆ (U+0306) when combined with I (U+0049) returns Ĭ (U+012c), but Ĭ (U+012c) is not on the default system code page (1252) of the Portuguese (Brazil) language you specified. This may cause compatibility problems in non-Unicode applications.
    WARNING: The dead key ̆ (U+0306) when combined with U (U+0055) returns Ŭ (U+016c), but Ŭ (U+016c) is not on the default system code page (1252) of the Portuguese (Brazil) language you specified. This may cause compatibility problems in non-Unicode applications.
    WARNING: The dead key ̆ (U+0306) when combined with O (U+004f) returns Ŏ (U+014e), but Ŏ (U+014e) is not on the default system code page (1252) of the Portuguese (Brazil) language you specified. This may cause compatibility problems in non-Unicode applications.
    WARNING: The dead key ̆ (U+0306) when combined with A (U+0041) returns Ă (U+0102), but Ă (U+0102) is not on the default system code page (1252) of the Portuguese (Brazil) language you specified. This may cause compatibility problems in non-Unicode applications.
    WARNING: The dead key ̆ (U+0306) when combined with E (U+0045) returns Ĕ (U+0114), but Ĕ (U+0114) is not on the default system code page (1252) of the Portuguese (Brazil) language you specified. This may cause compatibility problems in non-Unicode applications.
    WARNING: The dead key ̆ (U+0306) when combined with   (U+0020) returns ˘ (U+02d8), but ˘ (U+02d8) is not on the default system code page (1252) of the Portuguese (Brazil) language you specified. This may cause compatibility problems in non-Unicode applications.
    WARNING: The dead key ̋ (U+030b) when combined with y (U+0079) returns ӳ (U+04f3), but ӳ (U+04f3) is not on the default system code page (1252) of the Portuguese (Brazil) language you specified. This may cause compatibility problems in non-Unicode applications.
    WARNING: The dead key ̋ (U+030b) when combined with u (U+0075) returns ű (U+0171), but ű (U+0171) is not on the default system code page (1252) of the Portuguese (Brazil) language you specified. This may cause compatibility problems in non-Unicode applications.
    WARNING: The dead key ̋ (U+030b) when combined with o (U+006f) returns ő (U+0151), but ő (U+0151) is not on the default system code page (1252) of the Portuguese (Brazil) language you specified. This may cause compatibility problems in non-Unicode applications.
    WARNING: The dead key ̋ (U+030b) when combined with Y (U+0059) returns Ӳ (U+04f2), but Ӳ (U+04f2) is not on the default system code page (1252) of the Portuguese (Brazil) language you specified. This may cause compatibility problems in non-Unicode applications.
    WARNING: The dead key ̋ (U+030b) when combined with U (U+0055) returns Ű (U+0170), but Ű (U+0170) is not on the default system code page (1252) of the Portuguese (Brazil) language you specified. This may cause compatibility problems in non-Unicode applications.
    WARNING: The dead key ̋ (U+030b) when combined with O (U+004f) returns Ő (U+0150), but Ő (U+0150) is not on the default system code page (1252) of the Portuguese (Brazil) language you specified. This may cause compatibility problems in non-Unicode applications.
    WARNING: The dead key ̋ (U+030b) when combined with   (U+0020) returns ˝ (U+02dd), but ˝ (U+02dd) is not on the default system code page (1252) of the Portuguese (Brazil) language you specified. This may cause compatibility problems in non-Unicode applications.
    WARNING: The dead key ̦ (U+0326) when combined with s (U+0073) returns ș (U+0219), but ș (U+0219) is not on the default system code page (1252) of the Portuguese (Brazil) language you specified. This may cause compatibility problems in non-Unicode applications.
    WARNING: The dead key ̦ (U+0326) when combined with t (U+0074) returns ț (U+021b), but ț (U+021b) is not on the default system code page (1252) of the Portuguese (Brazil) language you specified. This may cause compatibility problems in non-Unicode applications.
    WARNING: The dead key ̦ (U+0326) when combined with S (U+0053) returns Ș (U+0218), but Ș (U+0218) is not on the default system code page (1252) of the Portuguese (Brazil) language you specified. This may cause compatibility problems in non-Unicode applications.
    WARNING: The dead key ̦ (U+0326) when combined with T (U+0054) returns Ț (U+021a), but Ț (U+021a) is not on the default system code page (1252) of the Portuguese (Brazil) language you specified. This may cause compatibility problems in non-Unicode applications.
    WARNING: The dead key ~ (U+007e) when combined with y (U+0079) returns ỹ (U+1ef9), but ỹ (U+1ef9) is not on the default system code page (1252) of the Portuguese (Brazil) language you specified. This may cause compatibility problems in non-Unicode applications.
    WARNING: The dead key ~ (U+007e) when combined with v (U+0076) returns ṽ (U+1e7d), but ṽ (U+1e7d) is not on the default system code page (1252) of the Portuguese (Brazil) language you specified. This may cause compatibility problems in non-Unicode applications.
    WARNING: The dead key ~ (U+007e) when combined with i (U+0069) returns ĩ (U+0129), but ĩ (U+0129) is not on the default system code page (1252) of the Portuguese (Brazil) language you specified. This may cause compatibility problems in non-Unicode applications.
    WARNING: The dead key ~ (U+007e) when combined with u (U+0075) returns ũ (U+0169), but ũ (U+0169) is not on the default system code page (1252) of the Portuguese (Brazil) language you specified. This may cause compatibility problems in non-Unicode applications.
    WARNING: The dead key ~ (U+007e) when combined with e (U+0065) returns ẽ (U+1ebd), but ẽ (U+1ebd) is not on the default system code page (1252) of the Portuguese (Brazil) language you specified. This may cause compatibility problems in non-Unicode applications.
    WARNING: The dead key ~ (U+007e) when combined with Y (U+0059) returns Ỹ (U+1ef8), but Ỹ (U+1ef8) is not on the default system code page (1252) of the Portuguese (Brazil) language you specified. This may cause compatibility problems in non-Unicode applications.
    WARNING: The dead key ~ (U+007e) when combined with V (U+0056) returns Ṽ (U+1e7c), but Ṽ (U+1e7c) is not on the default system code page (1252) of the Portuguese (Brazil) language you specified. This may cause compatibility problems in non-Unicode applications.
    WARNING: The dead key ~ (U+007e) when combined with I (U+0049) returns Ĩ (U+0128), but Ĩ (U+0128) is not on the default system code page (1252) of the Portuguese (Brazil) language you specified. This may cause compatibility problems in non-Unicode applications.
    WARNING: The dead key ~ (U+007e) when combined with U (U+0055) returns Ũ (U+0168), but Ũ (U+0168) is not on the default system code page (1252) of the Portuguese (Brazil) language you specified. This may cause compatibility problems in non-Unicode applications.
    WARNING: The dead key ~ (U+007e) when combined with E (U+0045) returns Ẽ (U+1ebc), but Ẽ (U+1ebc) is not on the default system code page (1252) of the Portuguese (Brazil) language you specified. This may cause compatibility problems in non-Unicode applications.
    WARNING: The dead key ^ (U+005e) when combined with j (U+006a) returns ĵ (U+0135), but ĵ (U+0135) is not on the default system code page (1252) of the Portuguese (Brazil) language you specified. This may cause compatibility problems in non-Unicode applications.
    WARNING: The dead key ^ (U+005e) when combined with z (U+007a) returns ẑ (U+1e91), but ẑ (U+1e91) is not on the default system code page (1252) of the Portuguese (Brazil) language you specified. This may cause compatibility problems in non-Unicode applications.
    WARNING: The dead key ^ (U+005e) when combined with y (U+0079) returns ŷ (U+0177), but ŷ (U+0177) is not on the default system code page (1252) of the Portuguese (Brazil) language you specified. This may cause compatibility problems in non-Unicode applications.
    WARNING: The dead key ^ (U+005e) when combined with g (U+0067) returns ĝ (U+011d), but ĝ (U+011d) is not on the default system code page (1252) of the Portuguese (Brazil) language you specified. This may cause compatibility problems in non-Unicode applications.
    WARNING: The dead key ^ (U+005e) when combined with s (U+0073) returns ŝ (U+015d), but ŝ (U+015d) is not on the default system code page (1252) of the Portuguese (Brazil) language you specified. This may cause compatibility problems in non-Unicode applications.
    WARNING: The dead key ^ (U+005e) when combined with h (U+0068) returns ĥ (U+0125), but ĥ (U+0125) is not on the default system code page (1252) of the Portuguese (Brazil) language you specified. This may cause compatibility problems in non-Unicode applications.
    WARNING: The dead key ^ (U+005e) when combined with w (U+0077) returns ŵ (U+0175), but ŵ (U+0175) is not on the default system code page (1252) of the Portuguese (Brazil) language you specified. This may cause compatibility problems in non-Unicode applications.
    WARNING: The dead key ^ (U+005e) when combined with c (U+0063) returns ĉ (U+0109), but ĉ (U+0109) is not on the default system code page (1252) of the Portuguese (Brazil) language you specified. This may cause compatibility problems in non-Unicode applications.
    WARNING: The dead key ^ (U+005e) when combined with J (U+004a) returns Ĵ (U+0134), but Ĵ (U+0134) is not on the default system code page (1252) of the Portuguese (Brazil) language you specified. This may cause compatibility problems in non-Unicode applications.
    WARNING: The dead key ^ (U+005e) when combined with Z (U+005a) returns Ẑ (U+1e90), but Ẑ (U+1e90) is not on the default system code page (1252) of the Portuguese (Brazil) language you specified. This may cause compatibility problems in non-Unicode applications.
    WARNING: The dead key ^ (U+005e) when combined with Y (U+0059) returns Ŷ (U+0176), but Ŷ (U+0176) is not on the default system code page (1252) of the Portuguese (Brazil) language you specified. This may cause compatibility problems in non-Unicode applications.
    WARNING: The dead key ^ (U+005e) when combined with G (U+0047) returns Ĝ (U+011c), but Ĝ (U+011c) is not on the default system code page (1252) of the Portuguese (Brazil) language you specified. This may cause compatibility problems in non-Unicode applications.
    WARNING: The dead key ^ (U+005e) when combined with S (U+0053) returns Ŝ (U+015c), but Ŝ (U+015c) is not on the default system code page (1252) of the Portuguese (Brazil) language you specified. This may cause compatibility problems in non-Unicode applications.
    WARNING: The dead key ^ (U+005e) when combined with H (U+0048) returns Ĥ (U+0124), but Ĥ (U+0124) is not on the default system code page (1252) of the Portuguese (Brazil) language you specified. This may cause compatibility problems in non-Unicode applications.
    WARNING: The dead key ^ (U+005e) when combined with W (U+0057) returns Ŵ (U+0174), but Ŵ (U+0174) is not on the default system code page (1252) of the Portuguese (Brazil) language you specified. This may cause compatibility problems in non-Unicode applications.
    WARNING: The dead key ^ (U+005e) when combined with C (U+0043) returns Ĉ (U+0108), but Ĉ (U+0108) is not on the default system code page (1252) of the Portuguese (Brazil) language you specified. This may cause compatibility problems in non-Unicode applications.
    WARNING: The dead key ̌ (U+030c) when combined with k (U+006b) returns ǩ (U+01e9), but ǩ (U+01e9) is not on the default system code page (1252) of the Portuguese (Brazil) language you specified. This may cause compatibility problems in non-Unicode applications.
    WARNING: The dead key ̌ (U+030c) when combined with j (U+006a) returns ǰ (U+01f0), but ǰ (U+01f0) is not on the default system code page (1252) of the Portuguese (Brazil) language you specified. This may cause compatibility problems in non-Unicode applications.
    WARNING: The dead key ̌ (U+030c) when combined with g (U+0067) returns ǧ (U+01e7), but ǧ (U+01e7) is not on the default system code page (1252) of the Portuguese (Brazil) language you specified. This may cause compatibility problems in non-Unicode applications.
    WARNING: The dead key ̌ (U+030c) when combined with i (U+0069) returns ǐ (U+01d0), but ǐ (U+01d0) is not on the default system code page (1252) of the Portuguese (Brazil) language you specified. This may cause compatibility problems in non-Unicode applications.
    WARNING: The dead key ̌ (U+030c) when combined with d (U+0064) returns ď (U+010f), but ď (U+010f) is not on the default system code page (1252) of the Portuguese (Brazil) language you specified. This may cause compatibility problems in non-Unicode applications.
    WARNING: The dead key ̌ (U+030c) when combined with u (U+0075) returns ǔ (U+01d4), but ǔ (U+01d4) is not on the default system code page (1252) of the Portuguese (Brazil) language you specified. This may cause compatibility problems in non-Unicode applications.
    WARNING: The dead key ̌ (U+030c) when combined with o (U+006f) returns ǒ (U+01d2), but ǒ (U+01d2) is not on the default system code page (1252) of the Portuguese (Brazil) language you specified. This may cause compatibility problems in non-Unicode applications.
    WARNING: The dead key ̌ (U+030c) when combined with a (U+0061) returns ǎ (U+01ce), but ǎ (U+01ce) is not on the default system code page (1252) of the Portuguese (Brazil) language you specified. This may cause compatibility problems in non-Unicode applications.
    WARNING: The dead key ̌ (U+030c) when combined with n (U+006e) returns ň (U+0148), but ň (U+0148) is not on the default system code page (1252) of the Portuguese (Brazil) language you specified. This may cause compatibility problems in non-Unicode applications.
    WARNING: The dead key ̌ (U+030c) when combined with e (U+0065) returns ě (U+011b), but ě (U+011b) is not on the default system code page (1252) of the Portuguese (Brazil) language you specified. This may cause compatibility problems in non-Unicode applications.
    WARNING: The dead key ̌ (U+030c) when combined with r (U+0072) returns ř (U+0159), but ř (U+0159) is not on the default system code page (1252) of the Portuguese (Brazil) language you specified. This may cause compatibility problems in non-Unicode applications.
    WARNING: The dead key ̌ (U+030c) when combined with h (U+0068) returns ȟ (U+021f), but ȟ (U+021f) is not on the default system code page (1252) of the Portuguese (Brazil) language you specified. This may cause compatibility problems in non-Unicode applications.
    WARNING: The dead key ̌ (U+030c) when combined with l (U+006c) returns ľ (U+013e), but ľ (U+013e) is not on the default system code page (1252) of the Portuguese (Brazil) language you specified. This may cause compatibility problems in non-Unicode applications.
    WARNING: The dead key ̌ (U+030c) when combined with t (U+0074) returns ť (U+0165), but ť (U+0165) is not on the default system code page (1252) of the Portuguese (Brazil) language you specified. This may cause compatibility problems in non-Unicode applications.
    WARNING: The dead key ̌ (U+030c) when combined with c (U+0063) returns č (U+010d), but č (U+010d) is not on the default system code page (1252) of the Portuguese (Brazil) language you specified. This may cause compatibility problems in non-Unicode applications.
    WARNING: The dead key ̌ (U+030c) when combined with K (U+004b) returns Ǩ (U+01e8), but Ǩ (U+01e8) is not on the default system code page (1252) of the Portuguese (Brazil) language you specified. This may cause compatibility problems in non-Unicode applications.
    WARNING: The dead key ̌ (U+030c) when combined with G (U+0047) returns Ǧ (U+01e6), but Ǧ (U+01e6) is not on the default system code page (1252) of the Portuguese (Brazil) language you specified. This may cause compatibility problems in non-Unicode applications.
    WARNING: The dead key ̌ (U+030c) when combined with I (U+0049) returns Ǐ (U+01cf), but Ǐ (U+01cf) is not on the default system code page (1252) of the Portuguese (Brazil) language you specified. This may cause compatibility problems in non-Unicode applications.
    WARNING: The dead key ̌ (U+030c) when combined with D (U+0044) returns Ď (U+010e), but Ď (U+010e) is not on the default system code page (1252) of the Portuguese (Brazil) language you specified. This may cause compatibility problems in non-Unicode applications.
    WARNING: The dead key ̌ (U+030c) when combined with U (U+0055) returns Ǔ (U+01d3), but Ǔ (U+01d3) is not on the default system code page (1252) of the Portuguese (Brazil) language you specified. This may cause compatibility problems in non-Unicode applications.
    WARNING: The dead key ̌ (U+030c) when combined with O (U+004f) returns Ǒ (U+01d1), but Ǒ (U+01d1) is not on the default system code page (1252) of the Portuguese (Brazil) language you specified. This may cause compatibility problems in non-Unicode applications.
    WARNING: The dead key ̌ (U+030c) when combined with A (U+0041) returns Ǎ (U+01cd), but Ǎ (U+01cd) is not on the default system code page (1252) of the Portuguese (Brazil) language you specified. This may cause compatibility problems in non-Unicode applications.
    WARNING: The dead key ̌ (U+030c) when combined with N (U+004e) returns Ň (U+0147), but Ň (U+0147) is not on the default system code page (1252) of the Portuguese (Brazil) language you specified. This may cause compatibility problems in non-Unicode applications.
    WARNING: The dead key ̌ (U+030c) when combined with E (U+0045) returns Ě (U+011a), but Ě (U+011a) is not on the default system code page (1252) of the Portuguese (Brazil) language you specified. This may cause compatibility problems in non-Unicode applications.
    WARNING: The dead key ̌ (U+030c) when combined with R (U+0052) returns Ř (U+0158), but Ř (U+0158) is not on the default system code page (1252) of the Portuguese (Brazil) language you specified. This may cause compatibility problems in non-Unicode applications.
    WARNING: The dead key ̌ (U+030c) when combined with H (U+0048) returns Ȟ (U+021e), but Ȟ (U+021e) is not on the default system code page (1252) of the Portuguese (Brazil) language you specified. This may cause compatibility problems in non-Unicode applications.
    WARNING: The dead key ̌ (U+030c) when combined with L (U+004c) returns Ľ (U+013d), but Ľ (U+013d) is not on the default system code page (1252) of the Portuguese (Brazil) language you specified. This may cause compatibility problems in non-Unicode applications.
    WARNING: The dead key ̌ (U+030c) when combined with T (U+0054) returns Ť (U+0164), but Ť (U+0164) is not on the default system code page (1252) of the Portuguese (Brazil) language you specified. This may cause compatibility problems in non-Unicode applications.
    WARNING: The dead key ̌ (U+030c) when combined with C (U+0043) returns Č (U+010c), but Č (U+010c) is not on the default system code page (1252) of the Portuguese (Brazil) language you specified. This may cause compatibility problems in non-Unicode applications.
    WARNING: The dead key ̌ (U+030c) when combined with   (U+0020) returns ˇ (U+02c7), but ˇ (U+02c7) is not on the default system code page (1252) of the Portuguese (Brazil) language you specified. This may cause compatibility problems in non-Unicode applications.
    WARNING: The dead key ̄ (U+0304) when combined with g (U+0067) returns ḡ (U+1e21), but ḡ (U+1e21) is not on the default system code page (1252) of the Portuguese (Brazil) language you specified. This may cause compatibility problems in non-Unicode applications.
    WARNING: The dead key ̄ (U+0304) when combined with i (U+0069) returns ī (U+012b), but ī (U+012b) is not on the default system code page (1252) of the Portuguese (Brazil) language you specified. This may cause compatibility problems in non-Unicode applications.
    WARNING: The dead key ̄ (U+0304) when combined with u (U+0075) returns ū (U+016b), but ū (U+016b) is not on the default system code page (1252) of the Portuguese (Brazil) language you specified. This may cause compatibility problems in non-Unicode applications.
    WARNING: The dead key ̄ (U+0304) when combined with o (U+006f) returns ō (U+014d), but ō (U+014d) is not on the default system code page (1252) of the Portuguese (Brazil) language you specified. This may cause compatibility problems in non-Unicode applications.
    WARNING: The dead key ̄ (U+0304) when combined with a (U+0061) returns ā (U+0101), but ā (U+0101) is not on the default system code page (1252) of the Portuguese (Brazil) language you specified. This may cause compatibility problems in non-Unicode applications.
    WARNING: The dead key ̄ (U+0304) when combined with e (U+0065) returns ē (U+0113), but ē (U+0113) is not on the default system code page (1252) of the Portuguese (Brazil) language you specified. This may cause compatibility problems in non-Unicode applications.
    WARNING: The dead key ̄ (U+0304) when combined with G (U+0047) returns Ḡ (U+1e20), but Ḡ (U+1e20) is not on the default system code page (1252) of the Portuguese (Brazil) language you specified. This may cause compatibility problems in non-Unicode applications.
    WARNING: The dead key ̄ (U+0304) when combined with I (U+0049) returns Ī (U+012a), but Ī (U+012a) is not on the default system code page (1252) of the Portuguese (Brazil) language you specified. This may cause compatibility problems in non-Unicode applications.
    WARNING: The dead key ̄ (U+0304) when combined with U (U+0055) returns Ū (U+016a), but Ū (U+016a) is not on the default system code page (1252) of the Portuguese (Brazil) language you specified. This may cause compatibility problems in non-Unicode applications.
    WARNING: The dead key ̄ (U+0304) when combined with O (U+004f) returns Ō (U+014c), but Ō (U+014c) is not on the default system code page (1252) of the Portuguese (Brazil) language you specified. This may cause compatibility problems in non-Unicode applications.
    WARNING: The dead key ̄ (U+0304) when combined with A (U+0041) returns Ā (U+0100), but Ā (U+0100) is not on the default system code page (1252) of the Portuguese (Brazil) language you specified. This may cause compatibility problems in non-Unicode applications.
    WARNING: The dead key ̄ (U+0304) when combined with E (U+0045) returns Ē (U+0112), but Ē (U+0112) is not on the default system code page (1252) of the Portuguese (Brazil) language you specified. This may cause compatibility problems in non-Unicode applications.
    WARNING: The dead key ̄ (U+0304) when combined with æ (U+00e6) returns ǣ (U+01e3), but ǣ (U+01e3) is not on the default system code page (1252) of the Portuguese (Brazil) language you specified. This may cause compatibility problems in non-Unicode applications.
    WARNING: The dead key ̄ (U+0304) when combined with Æ (U+00c6) returns Ǣ (U+01e2), but Ǣ (U+01e2) is not on the default system code page (1252) of the Portuguese (Brazil) language you specified. This may cause compatibility problems in non-Unicode applications.
    WARNING: Caps Lock is set between '+' and '6' (VK_0, ShiftStates 'Base' and 'Shift').
    WARNING: Caps Lock is set between '[' and '7' (VK_2, ShiftStates 'Base' and 'Shift').
    WARNING: Caps Lock is set between '(' and '5' (VK_3, ShiftStates 'Base' and 'Shift').
    WARNING: Caps Lock is set between ')' and '3' (VK_4, ShiftStates 'Base' and 'Shift').
    WARNING: Caps Lock is set between '{' and '1' (VK_5, ShiftStates 'Base' and 'Shift').
    WARNING: Caps Lock is set between '&' and '9' (VK_6, ShiftStates 'Base' and 'Shift').
    WARNING: Caps Lock is set between '%' and '0' (VK_7, ShiftStates 'Base' and 'Shift').
    WARNING: Caps Lock is set between '$' and '2' (VK_8, ShiftStates 'Base' and 'Shift').
    WARNING: Caps Lock is set between '=' and '4' (VK_9, ShiftStates 'Base' and 'Shift').
    WARNING: Caps Lock is set between '@' and '8' (VK_OEM_6, ShiftStates 'Base' and 'Shift').
